<?xml version="1.0" encoding="UTF-8"?>
<testng-results ignored="0" total="0" passed="0" failed="0" skipped="0">
  <reporter-output>
  </reporter-output>
  <suite started-at="2024-11-20T23:09:16 EST" name="ROCO WEB Web Automation suite" finished-at="2024-11-20T23:09:16 EST" duration-ms="6">
    <groups>
    </groups>
    <test started-at="2024-11-20T23:09:16 EST" name="ROCO_WEB_Web_App_Test" finished-at="2024-11-20T23:09:16 EST" duration-ms="6">
    </test> <!-- ROCO_WEB_Web_App_Test -->
  </suite> <!-- ROCO WEB Web Automation suite -->
</testng-results>
